<?xml version="1.0" encoding="UTF-8"?>
<testng-results skipped="0" failed="0" total="1" passed="1">
  <reporter-output>
  </reporter-output>
  <suite name="RQA_BE Tests" duration-ms="32795" started-at="2017-07-24T11:08:18Z" finished-at="2017-07-24T11:08:51Z">
    <groups>
    </groups>
    <test name="Default test" duration-ms="32795" started-at="2017-07-24T11:08:18Z" finished-at="2017-07-24T11:08:51Z">
      <class name="cn.octa.fuzhou.login.LoginChangePasswordHappyFlowTest">
        <test-method status="PASS" signature="setUp()[pri:0, instance:cn.octa.fuzhou.login.LoginChangePasswordHappyFlowTest@7283d3eb]" name="setUp" is-config="true" duration-ms="679" started-at="2017-07-24T19:08:18Z" finished-at="2017-07-24T19:08:19Z">
          <reporter-output>
          </reporter-output>
        </test-method> <!-- setUp -->
        <test-method status="PASS" signature="test(cn.octa.fuzhou.data.ChangePasswordData)[pri:0, instance:cn.octa.fuzhou.login.LoginChangePasswordHappyFlowTest@7283d3eb]" name="test" duration-ms="31243" started-at="2017-07-24T19:08:19Z" data-provider="LoginChangePasswordHappyFlow" finished-at="2017-07-24T19:08:50Z">
          <params>
            <param index="0">
              <value>
                <![CDATA[ID: fz-5, priority: P1, description: Change password happy flow - ÐÞ¸ÄÃÜÂë³É¹¦]]>
              </value>
            </param>
          </params>
          <reporter-output>
          </reporter-output>
        </test-method> <!-- test -->
        <test-method status="PASS" signature="tearDown()[pri:0, instance:cn.octa.fuzhou.login.LoginChangePasswordHappyFlowTest@7283d3eb]" name="tearDown" is-config="true" duration-ms="716" started-at="2017-07-24T19:08:50Z" finished-at="2017-07-24T19:08:51Z">
          <reporter-output>
          </reporter-output>
        </test-method> <!-- tearDown -->
      </class> <!-- cn.octa.fuzhou.login.LoginChangePasswordHappyFlowTest -->
    </test> <!-- Default test -->
  </suite> <!-- RQA_BE Tests -->
</testng-results>
